# JRE version: OpenJDK Runtime Environment (11.0.8+10) (build 11.0.8+10-b944.6842174)
# Java VM: OpenJDK 64-Bit Server VM (11.0.8+10-b944.6842174, mixed mode, tiered, compressed oops, g1 gc, windows-amd64)
Heap:
 garbage-first heap   total 403456K, used 334282K [0x0000000080000000, 0x0000000100000000)
  region size 1024K, 153 young (156672K), 7 survivors (7168K)
 Metaspace       used 118869K, capacity 122062K, committed 122224K, reserved 1155072K
  class space    used 14766K, capacity 15856K, committed 15948K, reserved 1048576K
GC Heap History (20 events):
Event: 213.655 GC heap before
{Heap before GC invocations=67 (full 0):
 garbage-first heap   total 267264K, used 218471K [0x0000000080000000, 0x0000000100000000)
  region size 1024K, 52 young (53248K), 7 survivors (7168K)
 Metaspace       used 118458K, capacity 121664K, committed 121968K, reserved 1155072K
  class space    used 14756K, capacity 15886K, committed 15948K, reserved 1048576K
}
Event: 213.679 GC heap after
{Heap after GC invocations=68 (full 0):
 garbage-first heap   total 267264K, used 177259K [0x0000000080000000, 0x0000000100000000)
  region size 1024K, 5 young (5120K), 5 survivors (5120K)
 Metaspace       used 118458K, capacity 121664K, committed 121968K, reserved 1155072K
  class space    used 14756K, capacity 15886K, committed 15948K, reserved 1048576K
}
Event: 213.937 GC heap before
{Heap before GC invocations=68 (full 0):
 garbage-first heap   total 267264K, used 221291K [0x0000000080000000, 0x0000000100000000)
  region size 1024K, 48 young (49152K), 5 survivors (5120K)
 Metaspace       used 118558K, capacity 121795K, committed 121968K, reserved 1155072K
  class space    used 14757K, capacity 15886K, committed 15948K, reserved 1048576K
}
Event: 213.950 GC heap after
{Heap after GC invocations=69 (full 0):
 garbage-first heap   total 267264K, used 179158K [0x0000000080000000, 0x0000000100000000)
  region size 1024K, 2 young (2048K), 2 survivors (2048K)
 Metaspace       used 118558K, capacity 121795K, committed 121968K, reserved 1155072K
  class space    used 14757K, capacity 15886K, committed 15948K, reserved 1048576K
}
Event: 214.154 GC heap before
{Heap before GC invocations=69 (full 0):
 garbage-first heap   total 267264K, used 224214K [0x0000000080000000, 0x0000000100000000)
  region size 1024K, 46 young (47104K), 2 survivors (2048K)
 Metaspace       used 118593K, capacity 121808K, committed 121968K, reserved 1155072K
  class space    used 14763K, capacity 15889K, committed 15948K, reserved 1048576K
}
Event: 214.172 GC heap after
{Heap after GC invocations=70 (full 0):
 garbage-first heap   total 267264K, used 180182K [0x0000000080000000, 0x0000000100000000)
  region size 1024K, 3 young (3072K), 3 survivors (3072K)
 Metaspace       used 118593K, capacity 121808K, committed 121968K, reserved 1155072K
  class space    used 14763K, capacity 15889K, committed 15948K, reserved 1048576K
}
Event: 214.461 GC heap before
{Heap before GC invocations=70 (full 0):
 garbage-first heap   total 267264K, used 226262K [0x0000000080000000, 0x0000000100000000)
  region size 1024K, 48 young (49152K), 3 survivors (3072K)
 Metaspace       used 118659K, capacity 121874K, committed 121968K, reserved 1155072K
  class space    used 14763K, capacity 15889K, committed 15948K, reserved 1048576K
}
Event: 214.484 GC heap after
{Heap after GC invocations=71 (full 0):
 garbage-first heap   total 321536K, used 180720K [0x0000000080000000, 0x0000000100000000)
  region size 1024K, 4 young (4096K), 4 survivors (4096K)
 Metaspace       used 118659K, capacity 121874K, committed 121968K, reserved 1155072K
  class space    used 14763K, capacity 15889K, committed 15948K, reserved 1048576K
}
Event: 217.090 GC heap before
{Heap before GC invocations=72 (full 0):
 garbage-first heap   total 321536K, used 251376K [0x0000000080000000, 0x0000000100000000)
  region size 1024K, 73 young (74752K), 4 survivors (4096K)
 Metaspace       used 118621K, capacity 121756K, committed 121968K, reserved 1155072K
  class space    used 14737K, capacity 15844K, committed 15948K, reserved 1048576K
}
Event: 217.108 GC heap after
{Heap after GC invocations=73 (full 0):
 garbage-first heap   total 321536K, used 181966K [0x0000000080000000, 0x0000000100000000)
  region size 1024K, 5 young (5120K), 5 survivors (5120K)
 Metaspace       used 118621K, capacity 121756K, committed 121968K, reserved 1155072K
  class space    used 14737K, capacity 15844K, committed 15948K, reserved 1048576K
}
Event: 217.205 GC heap before
{Heap before GC invocations=73 (full 0):
 garbage-first heap   total 321536K, used 192206K [0x0000000080000000, 0x0000000100000000)
  region size 1024K, 15 young (15360K), 5 survivors (5120K)
 Metaspace       used 118624K, capacity 121820K, committed 122224K, reserved 1155072K
  class space    used 14737K, capacity 15844K, committed 15948K, reserved 1048576K
}
Event: 217.254 GC heap after
{Heap after GC invocations=74 (full 0):
 garbage-first heap   total 321536K, used 179508K [0x0000000080000000, 0x0000000100000000)
  region size 1024K, 1 young (1024K), 1 survivors (1024K)
 Metaspace       used 118624K, capacity 121820K, committed 122224K, reserved 1155072K
  class space    used 14737K, capacity 15844K, committed 15948K, reserved 1048576K
}
Event: 217.511 GC heap before
{Heap before GC invocations=74 (full 0):
 garbage-first heap   total 321536K, used 254260K [0x0000000080000000, 0x0000000100000000)
  region size 1024K, 74 young (75776K), 1 survivors (1024K)
 Metaspace       used 118644K, capacity 121886K, committed 122224K, reserved 1155072K
  class space    used 14737K, capacity 15844K, committed 15948K, reserved 1048576K
}
Event: 217.519 GC heap after
{Heap after GC invocations=75 (full 0):
 garbage-first heap   total 321536K, used 180491K [0x0000000080000000, 0x0000000100000000)
  region size 1024K, 2 young (2048K), 2 survivors (2048K)
 Metaspace       used 118644K, capacity 121886K, committed 122224K, reserved 1155072K
  class space    used 14737K, capacity 15844K, committed 15948K, reserved 1048576K
}
Event: 217.783 GC heap before
{Heap before GC invocations=75 (full 0):
 garbage-first heap   total 321536K, used 258315K [0x0000000080000000, 0x0000000100000000)
  region size 1024K, 78 young (79872K), 2 survivors (2048K)
 Metaspace       used 118679K, capacity 121897K, committed 122224K, reserved 1155072K
  class space    used 14743K, capacity 15845K, committed 15948K, reserved 1048576K
}
Event: 217.795 GC heap after
{Heap after GC invocations=76 (full 0):
 garbage-first heap   total 321536K, used 182557K [0x0000000080000000, 0x0000000100000000)
  region size 1024K, 4 young (4096K), 4 survivors (4096K)
 Metaspace       used 118679K, capacity 121897K, committed 122224K, reserved 1155072K
  class space    used 14743K, capacity 15845K, committed 15948K, reserved 1048576K
}
Event: 218.061 GC heap before
{Heap before GC invocations=76 (full 0):
 garbage-first heap   total 321536K, used 260381K [0x0000000080000000, 0x0000000100000000)
  region size 1024K, 80 young (81920K), 4 survivors (4096K)
 Metaspace       used 118714K, capacity 121918K, committed 122224K, reserved 1155072K
  class space    used 14747K, capacity 15852K, committed 15948K, reserved 1048576K
}
Event: 218.076 GC heap after
{Heap after GC invocations=77 (full 0):
 garbage-first heap   total 403456K, used 183108K [0x0000000080000000, 0x0000000100000000)
  region size 1024K, 5 young (5120K), 5 survivors (5120K)
 Metaspace       used 118714K, capacity 121918K, committed 122224K, reserved 1155072K
  class space    used 14747K, capacity 15852K, committed 15948K, reserved 1048576K
}
Event: 218.984 GC heap before
{Heap before GC invocations=77 (full 0):
 garbage-first heap   total 403456K, used 293700K [0x0000000080000000, 0x0000000100000000)
  region size 1024K, 113 young (115712K), 5 survivors (5120K)
 Metaspace       used 118846K, capacity 122060K, committed 122224K, reserved 1155072K
  class space    used 14766K, capacity 15856K, committed 15948K, reserved 1048576K
}
Event: 219.028 GC heap after
{Heap after GC invocations=78 (full 0):
 garbage-first heap   total 403456K, used 185802K [0x0000000080000000, 0x0000000100000000)
  region size 1024K, 7 young (7168K), 7 survivors (7168K)
 Metaspace       used 118846K, capacity 122060K, committed 122224K, reserved 1155072K
  class space    used 14766K, capacity 15856K, committed 15948K, reserved 1048576K
}

